mktextfm SimSun/OT
mktextfm SimSun/OT
mktextfm SimSun/OT
mktextfm SimSun/B/OT
mktextfm SimSun/OT
mktextfm SimSun/I/OT
mktextfm SimSun/OT
mktextfm SimSun/BI/OT
mktextfm SimSun/OT
mktextfm SimSun/OT
mktextfm SimSun/OT
mktextfm SimSun/OT
mktextfm SimSun/OT
mktextfm SimSun/OT
mktextfm FangSong/OT
mktextfm FangSong/OT
mktextfm FangSong/OT
mktextfm FangSong/I/OT
mktextfm FangSong/OT
mktextfm FangSong/BI/OT
mktextfm FangSong/OT
mktextfm FangSong/I/OT
mktextfm FangSong/OT
mktextfm FangSong/OT
mktextfm FangSong/OT
mktextfm FangSong/OT
mktextfm SimSun/OT
mktextfm SimSun/OT
mktextfm SimSun/OT
mktextfm SimSun/B/OT
mktextfm SimSun/OT
mktextfm SimSun/I/OT
mktextfm SimSun/OT
mktextfm SimSun/BI/OT
mktextfm SimSun/OT
mktextfm SimSun/OT
mktextfm SimSun/OT
mktextfm SimSun/OT
mktextfm SimSun/OT
mktextfm SimSun/OT
mktextfm FangSong/OT
mktextfm FangSong/OT
mktextfm FangSong/OT
mktextfm FangSong/I/OT
mktextfm FangSong/OT
mktextfm FangSong/BI/OT
mktextfm FangSong/OT
mktextfm FangSong/I/OT
mktextfm FangSong/OT
mktextfm FangSong/OT
mktextfm FangSong/OT
mktextfm FangSong/OT
mktextfm SimSun/OT
mktextfm SimSun/OT
mktextfm SimSun/OT
mktextfm SimSun/B/OT
mktextfm SimSun/OT
mktextfm SimSun/I/OT
mktextfm SimSun/OT
mktextfm SimSun/BI/OT
mktextfm SimSun/OT
mktextfm SimSun/OT
mktextfm SimSun/OT
mktextfm SimSun/OT
mktextfm SimSun/OT
mktextfm SimSun/OT
mktextfm FangSong/OT
mktextfm FangSong/OT
mktextfm FangSong/OT
mktextfm FangSong/I/OT
mktextfm FangSong/OT
mktextfm FangSong/BI/OT
mktextfm FangSong/OT
mktextfm FangSong/I/OT
mktextfm FangSong/OT
mktextfm FangSong/OT
mktextfm FangSong/OT
mktextfm FangSong/OT
mktextfm FangSong/OT
mktextfm FangSong/OT
mktextfm FangSong/OT
mktextfm FangSong/I/OT
mktextfm FangSong/OT
mktextfm FangSong/BI/OT
mktextfm FangSong/OT
mktextfm FangSong/I/OT
mktextfm FangSong/OT
mktextfm FangSong/OT
mktextfm FangSong/OT
mktextfm FangSong/OT
